2020-10-16 12:55:15.043 logback [restartedMain] INFO  cn.yourdad.RecServerApplication - Starting RecServerApplication on wzj-pc with PID 6177 (/home/wzj/IdeaProjects/MusicRecommendationSystem/rec_server/target/classes started by wzj in /home/wzj/IdeaProjects/MusicRecommendationSystem)
2020-10-16 12:55:15.043 logback [restartedMain] INFO  cn.yourdad.RecServerApplication - No active profile set, falling back to default profiles: default
2020-10-16 12:55:15.257 logback [restartedMain] WARN  o.m.s.mapper.ClassPathMapperScanner - No MyBatis mapper was found in '[cn.yourdad]' package. Please check your configuration.
2020-10-16 12:55:15.328 logback [restartedMain] INFO  o.s.b.w.e.tomcat.TomcatWebServer - Tomcat initialized with port(s): 8080 (http)
2020-10-16 12:55:15.329 logback [restartedMain] INFO  o.a.catalina.core.StandardService - Starting service [Tomcat]
2020-10-16 12:55:15.330 logback [restartedMain] INFO  o.a.catalina.core.StandardEngine - Starting Servlet engine: [Apache Tomcat/9.0.38]
2020-10-16 12:55:15.351 logback [restartedMain] INFO  o.a.c.c.C.[Tomcat].[localhost].[/] - Initializing Spring embedded WebApplicationContext
2020-10-16 12:55:15.351 logback [restartedMain] INFO  o.s.b.w.s.c.ServletWebServerApplicationContext - Root WebApplicationContext: initialization completed in 305 ms
2020-10-16 12:55:15.436 logback [restartedMain] INFO  o.s.s.c.ThreadPoolTaskExecutor - Initializing ExecutorService 'applicationTaskExecutor'
2020-10-16 12:55:15.450 logback [restartedMain] INFO  o.s.b.a.w.s.WelcomePageHandlerMapping - Adding welcome page template: index
2020-10-16 12:55:15.549 logback [restartedMain] INFO  o.s.b.d.a.OptionalLiveReloadServer - LiveReload server is running on port 35729
2020-10-16 12:55:15.585 logback [restartedMain] INFO  o.s.b.w.e.tomcat.TomcatWebServer - Tomcat started on port(s): 8080 (http) with context path ''
2020-10-16 12:55:15.590 logback [restartedMain] INFO  cn.yourdad.RecServerApplication - Started RecServerApplication in 0.662 seconds (JVM running for 1624.398)
2020-10-16 12:55:15.604 logback [restartedMain] INFO  o.s.b.d.a.ConditionEvaluationDeltaLoggingListener - Condition evaluation delta:


==========================
CONDITION EVALUATION DELTA
==========================


Positive matches:
-----------------

   DataSourceAutoConfiguration.PooledDataSourceConfiguration matched:
      - AnyNestedCondition 2 matched 0 did not; NestedCondition on DataSourceAutoConfiguration.PooledDataSourceCondition.PooledDataSourceAvailable PooledDataSource found supported DataSource; NestedCondition on DataSourceAutoConfiguration.PooledDataSourceCondition.ExplicitType @ConditionalOnProperty (spring.datasource.type) matched (DataSourceAutoConfiguration.PooledDataSourceCondition)
      - @ConditionalOnMissingBean (types: javax.sql.DataSource,javax.sql.XADataSource; SearchStrategy: all) did not find any beans (OnBeanCondition)

   DevToolsDataSourceAutoConfiguration matched:
      - Devtools devtools enabled. (OnEnabledDevToolsCondition)
      - DevTools DataSource Condition found auto-configured DataSource (DevToolsDataSourceAutoConfiguration.DevToolsDataSourceCondition)


Negative matches:
-----------------

    None


Exclusions:
-----------

    None


Unconditional classes:
----------------------

    None



2020-10-16 12:55:19.838 logback [Thread-32] INFO  o.s.s.c.ThreadPoolTaskExecutor - Shutting down ExecutorService 'applicationTaskExecutor'
2020-10-16 12:55:20.192 logback [restartedMain] INFO  cn.yourdad.RecServerApplication - Starting RecServerApplication on wzj-pc with PID 6177 (/home/wzj/IdeaProjects/MusicRecommendationSystem/rec_server/target/classes started by wzj in /home/wzj/IdeaProjects/MusicRecommendationSystem)
2020-10-16 12:55:20.192 logback [restartedMain] INFO  cn.yourdad.RecServerApplication - No active profile set, falling back to default profiles: default
2020-10-16 12:55:20.513 logback [restartedMain] INFO  o.s.b.w.e.tomcat.TomcatWebServer - Tomcat initialized with port(s): 8080 (http)
2020-10-16 12:55:20.514 logback [restartedMain] INFO  o.a.catalina.core.StandardService - Starting service [Tomcat]
2020-10-16 12:55:20.514 logback [restartedMain] INFO  o.a.catalina.core.StandardEngine - Starting Servlet engine: [Apache Tomcat/9.0.38]
2020-10-16 12:55:20.521 logback [restartedMain] INFO  o.a.c.c.C.[Tomcat].[localhost].[/] - Initializing Spring embedded WebApplicationContext
2020-10-16 12:55:20.522 logback [restartedMain] INFO  o.s.b.w.s.c.ServletWebServerApplicationContext - Root WebApplicationContext: initialization completed in 327 ms
2020-10-16 12:55:20.915 logback [restartedMain] INFO  o.s.s.c.ThreadPoolTaskExecutor - Initializing ExecutorService 'applicationTaskExecutor'
2020-10-16 12:55:20.955 logback [restartedMain] INFO  o.s.b.a.w.s.WelcomePageHandlerMapping - Adding welcome page template: index
2020-10-16 12:55:21.179 logback [restartedMain] INFO  o.s.b.d.a.OptionalLiveReloadServer - LiveReload server is running on port 35729
2020-10-16 12:55:21.278 logback [restartedMain] INFO  o.s.b.w.e.tomcat.TomcatWebServer - Tomcat started on port(s): 8080 (http) with context path ''
2020-10-16 12:55:21.284 logback [restartedMain] INFO  cn.yourdad.RecServerApplication - Started RecServerApplication in 1.133 seconds (JVM running for 1630.092)
2020-10-16 12:55:21.290 logback [restartedMain] INFO  o.s.b.d.a.ConditionEvaluationDeltaLoggingListener - Condition evaluation delta:


==========================
CONDITION EVALUATION DELTA
==========================


Positive matches:
-----------------

    None


Negative matches:
-----------------

   DataSourceAutoConfiguration.PooledDataSourceConfiguration:
      Did not match:
         - @ConditionalOnMissingBean (types: javax.sql.DataSource,javax.sql.XADataSource; SearchStrategy: all) found beans of type 'javax.sql.DataSource' druid (OnBeanCondition)
      Matched:
         - AnyNestedCondition 2 matched 0 did not; NestedCondition on DataSourceAutoConfiguration.PooledDataSourceCondition.PooledDataSourceAvailable PooledDataSource found supported DataSource; NestedCondition on DataSourceAutoConfiguration.PooledDataSourceCondition.ExplicitType @ConditionalOnProperty (spring.datasource.type) matched (DataSourceAutoConfiguration.PooledDataSourceCondition)

   DevToolsDataSourceAutoConfiguration:
      Did not match:
         - DevTools DataSource Condition did not find an auto-configured DataSource (DevToolsDataSourceAutoConfiguration.DevToolsDataSourceCondition)
      Matched:
         - Devtools devtools enabled. (OnEnabledDevToolsCondition)


Exclusions:
-----------

    None


Unconditional classes:
----------------------

    None



2020-10-16 12:55:21.535 logback [http-nio-8080-exec-1] INFO  o.a.c.c.C.[Tomcat].[localhost].[/] - Initializing Spring DispatcherServlet 'dispatcherServlet'
2020-10-16 12:55:21.535 logback [http-nio-8080-exec-1] INFO  o.s.web.servlet.DispatcherServlet - Initializing Servlet 'dispatcherServlet'
2020-10-16 12:55:21.541 logback [http-nio-8080-exec-1] INFO  o.s.web.servlet.DispatcherServlet - Completed initialization in 6 ms
2020-10-16 12:55:21.555 logback [http-nio-8080-exec-2] INFO  RequestLog - ip:127.0.0.1	url:{}
2020-10-16 12:55:21.555 logback [http-nio-8080-exec-2] INFO  RequestLog - method:GET
2020-10-16 12:55:21.555 logback [http-nio-8080-exec-2] INFO  RequestLog - class_method:cn.yourdad.controller.IndexController.toLogin
2020-10-16 12:55:21.556 logback [http-nio-8080-exec-2] INFO  RequestLog - args:[]
2020-10-16 12:55:21.560 logback [http-nio-8080-exec-2] INFO  RequestLog - response:login
2020-10-16 12:55:23.387 logback [http-nio-8080-exec-4] INFO  RequestLog - ip:127.0.0.1	url:{}
2020-10-16 12:55:23.387 logback [http-nio-8080-exec-4] INFO  RequestLog - method:POST
2020-10-16 12:55:23.387 logback [http-nio-8080-exec-4] INFO  RequestLog - class_method:cn.yourdad.controller.LoginController.login
2020-10-16 12:55:23.387 logback [http-nio-8080-exec-4] INFO  RequestLog - args:[admin, admin, org.apache.catalina.session.StandardSessionFacade@3ba6d73a, org.apache.catalina.connector.RequestFacade@2e008e59]
2020-10-16 12:55:23.393 logback [http-nio-8080-exec-4] INFO  c.alibaba.druid.pool.DruidDataSource - {dataSource-3} inited
2020-10-16 12:55:23.431 logback [http-nio-8080-exec-4] INFO  RequestLog - response:redirect:/index
2020-10-16 12:55:23.443 logback [http-nio-8080-exec-5] INFO  RequestLog - ip:127.0.0.1	url:{}
2020-10-16 12:55:23.443 logback [http-nio-8080-exec-5] INFO  RequestLog - method:GET
2020-10-16 12:55:23.443 logback [http-nio-8080-exec-5] INFO  RequestLog - class_method:cn.yourdad.controller.IndexController.toIndex
2020-10-16 12:55:23.443 logback [http-nio-8080-exec-5] INFO  RequestLog - args:[{}, org.apache.catalina.session.StandardSessionFacade@3ba6d73a]
2020-10-16 12:55:23.519 logback [http-nio-8080-exec-5] INFO  o.a.h.h.z.RecoverableZooKeeper - Process identifier=hconnection-0x6e7427e4 connecting to ZooKeeper ensemble=localhost:2181
2020-10-16 12:55:23.519 logback [http-nio-8080-exec-5] INFO  org.apache.zookeeper.ZooKeeper - Initiating client connection, connectString=localhost:2181 sessionTimeout=90000 watcher=org.apache.hadoop.hbase.zookeeper.PendingWatcher@3fea51f5
2020-10-16 12:55:23.531 logback [http-nio-8080-exec-5-SendThread(localhost:2181)] INFO  org.apache.zookeeper.ClientCnxn - Opening socket connection to server localhost/127.0.0.1:2181. Will not attempt to authenticate using SASL (unknown error)
2020-10-16 12:55:23.532 logback [http-nio-8080-exec-5-SendThread(localhost:2181)] INFO  org.apache.zookeeper.ClientCnxn - Socket connection established to localhost/127.0.0.1:2181, initiating session
2020-10-16 12:55:23.534 logback [http-nio-8080-exec-5-SendThread(localhost:2181)] INFO  org.apache.zookeeper.ClientCnxn - Session establishment complete on server localhost/127.0.0.1:2181, sessionid = 0x100000a00850008, negotiated timeout = 40000
2020-10-16 12:55:23.567 logback [http-nio-8080-exec-5] INFO  RequestLog - response:index
2020-10-16 13:02:58.926 logback [Thread-37] INFO  o.s.s.c.ThreadPoolTaskExecutor - Shutting down ExecutorService 'applicationTaskExecutor'
2020-10-16 13:02:58.928 logback [Thread-37] INFO  c.alibaba.druid.pool.DruidDataSource - {dataSource-3} closed
